# JRE version: OpenJDK Runtime Environment (21.0.6) (build 21.0.6+-13368085-b895.109)
# Java VM: OpenJDK 64-Bit Server VM (21.0.6+-13368085-b895.109, mixed mode, tiered, compressed oops, compressed class ptrs, g1 gc, windows-amd64)
GC Precious Log:
 CardTable entry size: 512
 Card Set container configuration: InlinePtr #cards 5 size 8 Array Of Cards #cards 12 size 40 Howl #buckets 4 coarsen threshold 1843 Howl Bitmap #cards 512 size 80 coarsen threshold 460 Card regions per heap region 1 cards per card region 2048
 CPUs: 8 total, 8 available
 Memory: 16194M
 Large Page Support: Disabled
 NUMA Support: Disabled
 Compressed Oops: Enabled (32-bit)
 Heap Region Size: 1M
 Heap Min Capacity: 8M
 Heap Initial Capacity: 254M
 Heap Max Capacity: 2G
 Pre-touch: Disabled
 Parallel Workers: 8
 Concurrent Workers: 2
 Concurrent Refinement Workers: 8
 Periodic GC: Disabled
Heap:
 garbage-first heap   total 393216K, used 312228K [0x0000000080000000, 0x0000000100000000)
  region size 1024K, 53 young (54272K), 10 survivors (10240K)
 Metaspace       used 151406K, committed 152704K, reserved 1245184K
  class space    used 20406K, committed 21120K, reserved 1048576K
GC Heap History (20 events):
Event: 12104.392 GC heap before
{Heap before GC invocations=77 (full 2):
 garbage-first heap   total 281600K, used 151955K [0x0000000080000000, 0x0000000100000000)
  region size 1024K, 20 young (20480K), 5 survivors (5120K)
 Metaspace       used 151326K, committed 152640K, reserved 1245184K
  class space    used 20419K, committed 21120K, reserved 1048576K
}
Event: 12104.396 GC heap after
{Heap after GC invocations=78 (full 2):
 garbage-first heap   total 281600K, used 137287K [0x0000000080000000, 0x0000000100000000)
  region size 1024K, 4 young (4096K), 4 survivors (4096K)
 Metaspace       used 151326K, committed 152640K, reserved 1245184K
  class space    used 20419K, committed 21120K, reserved 1048576K
}
Event: 12104.705 GC heap before
{Heap before GC invocations=79 (full 2):
 garbage-first heap   total 281600K, used 260167K [0x0000000080000000, 0x0000000100000000)
  region size 1024K, 124 young (126976K), 4 survivors (4096K)
 Metaspace       used 151310K, committed 152640K, reserved 1245184K
  class space    used 20414K, committed 21120K, reserved 1048576K
}
Event: 12104.712 GC heap after
{Heap after GC invocations=80 (full 2):
 garbage-first heap   total 281600K, used 142407K [0x0000000080000000, 0x0000000100000000)
  region size 1024K, 9 young (9216K), 9 survivors (9216K)
 Metaspace       used 151310K, committed 152640K, reserved 1245184K
  class space    used 20414K, committed 21120K, reserved 1048576K
}
Event: 12105.070 GC heap before
{Heap before GC invocations=80 (full 2):
 garbage-first heap   total 281600K, used 255047K [0x0000000080000000, 0x0000000100000000)
  region size 1024K, 119 young (121856K), 9 survivors (9216K)
 Metaspace       used 151310K, committed 152640K, reserved 1245184K
  class space    used 20414K, committed 21120K, reserved 1048576K
}
Event: 12105.080 GC heap after
{Heap after GC invocations=81 (full 2):
 garbage-first heap   total 281600K, used 147970K [0x0000000080000000, 0x0000000100000000)
  region size 1024K, 13 young (13312K), 13 survivors (13312K)
 Metaspace       used 151310K, committed 152640K, reserved 1245184K
  class space    used 20414K, committed 21120K, reserved 1048576K
}
Event: 12105.404 GC heap before
{Heap before GC invocations=81 (full 2):
 garbage-first heap   total 281600K, used 251394K [0x0000000080000000, 0x0000000100000000)
  region size 1024K, 114 young (116736K), 13 survivors (13312K)
 Metaspace       used 151310K, committed 152640K, reserved 1245184K
  class space    used 20414K, committed 21120K, reserved 1048576K
}
Event: 12105.411 GC heap after
{Heap after GC invocations=82 (full 2):
 garbage-first heap   total 281600K, used 151240K [0x0000000080000000, 0x0000000100000000)
  region size 1024K, 10 young (10240K), 10 survivors (10240K)
 Metaspace       used 151310K, committed 152640K, reserved 1245184K
  class space    used 20414K, committed 21120K, reserved 1048576K
}
Event: 12105.790 GC heap before
{Heap before GC invocations=83 (full 2):
 garbage-first heap   total 281600K, used 254664K [0x0000000080000000, 0x0000000100000000)
  region size 1024K, 111 young (113664K), 10 survivors (10240K)
 Metaspace       used 151294K, committed 152640K, reserved 1245184K
  class space    used 20410K, committed 21120K, reserved 1048576K
}
Event: 12105.797 GC heap after
{Heap after GC invocations=84 (full 2):
 garbage-first heap   total 281600K, used 156791K [0x0000000080000000, 0x0000000100000000)
  region size 1024K, 10 young (10240K), 10 survivors (10240K)
 Metaspace       used 151294K, committed 152640K, reserved 1245184K
  class space    used 20410K, committed 21120K, reserved 1048576K
}
Event: 12106.195 GC heap before
{Heap before GC invocations=84 (full 2):
 garbage-first heap   total 281600K, used 258167K [0x0000000080000000, 0x0000000100000000)
  region size 1024K, 106 young (108544K), 10 survivors (10240K)
 Metaspace       used 151295K, committed 152640K, reserved 1245184K
  class space    used 20410K, committed 21120K, reserved 1048576K
}
Event: 12106.221 GC heap after
{Heap after GC invocations=85 (full 2):
 garbage-first heap   total 299008K, used 186016K [0x0000000080000000, 0x0000000100000000)
  region size 1024K, 14 young (14336K), 14 survivors (14336K)
 Metaspace       used 151295K, committed 152640K, reserved 1245184K
  class space    used 20410K, committed 21120K, reserved 1048576K
}
Event: 12106.490 GC heap before
{Heap before GC invocations=85 (full 2):
 garbage-first heap   total 299008K, used 257696K [0x0000000080000000, 0x0000000100000000)
  region size 1024K, 85 young (87040K), 14 survivors (14336K)
 Metaspace       used 151303K, committed 152640K, reserved 1245184K
  class space    used 20410K, committed 21120K, reserved 1048576K
}
Event: 12106.522 GC heap after
{Heap after GC invocations=86 (full 2):
 garbage-first heap   total 393216K, used 216484K [0x0000000080000000, 0x0000000100000000)
  region size 1024K, 12 young (12288K), 12 survivors (12288K)
 Metaspace       used 151303K, committed 152640K, reserved 1245184K
  class space    used 20410K, committed 21120K, reserved 1048576K
}
Event: 12107.255 GC heap before
{Heap before GC invocations=87 (full 2):
 garbage-first heap   total 393216K, used 320932K [0x0000000080000000, 0x0000000100000000)
  region size 1024K, 113 young (115712K), 12 survivors (12288K)
 Metaspace       used 151339K, committed 152640K, reserved 1245184K
  class space    used 20406K, committed 21120K, reserved 1048576K
}
Event: 12107.297 GC heap after
{Heap after GC invocations=88 (full 2):
 garbage-first heap   total 393216K, used 257444K [0x0000000080000000, 0x0000000100000000)
  region size 1024K, 15 young (15360K), 15 survivors (15360K)
 Metaspace       used 151339K, committed 152640K, reserved 1245184K
  class space    used 20406K, committed 21120K, reserved 1048576K
}
Event: 12107.581 GC heap before
{Heap before GC invocations=88 (full 2):
 garbage-first heap   total 393216K, used 333220K [0x0000000080000000, 0x0000000100000000)
  region size 1024K, 88 young (90112K), 15 survivors (15360K)
 Metaspace       used 151404K, committed 152704K, reserved 1245184K
  class space    used 20406K, committed 21120K, reserved 1048576K
}
Event: 12107.606 GC heap after
{Heap after GC invocations=89 (full 2):
 garbage-first heap   total 393216K, used 276388K [0x0000000080000000, 0x0000000100000000)
  region size 1024K, 11 young (11264K), 11 survivors (11264K)
 Metaspace       used 151404K, committed 152704K, reserved 1245184K
  class space    used 20406K, committed 21120K, reserved 1048576K
}
Event: 12107.675 GC heap before
{Heap before GC invocations=89 (full 2):
 garbage-first heap   total 393216K, used 304036K [0x0000000080000000, 0x0000000100000000)
  region size 1024K, 40 young (40960K), 11 survivors (11264K)
 Metaspace       used 151404K, committed 152704K, reserved 1245184K
  class space    used 20406K, committed 21120K, reserved 1048576K
}
Event: 12107.687 GC heap after
{Heap after GC invocations=90 (full 2):
 garbage-first heap   total 393216K, used 288676K [0x0000000080000000, 0x0000000100000000)
  region size 1024K, 10 young (10240K), 10 survivors (10240K)
 Metaspace       used 151404K, committed 152704K, reserved 1245184K
  class space    used 20406K, committed 21120K, reserved 1048576K
}

